timestamp: 2013-11-03T14:23:37.735995
CREATE TABLE auth_user(
    id INTEGER PRIMARY KEY AUTOINCREMENT,
    first_name CHAR(128),
    last_name CHAR(128),
    email CHAR(512),
    password CHAR(512),
    registration_key CHAR(512),
    reset_password_key CHAR(512),
    registration_id CHAR(512)
);
success!
timestamp: 2013-11-03T14:23:37.737944
CREATE TABLE auth_group(
    id INTEGER PRIMARY KEY AUTOINCREMENT,
    role CHAR(512),
    description TEXT
);
success!
timestamp: 2013-11-03T14:23:37.739883
CREATE TABLE auth_membership(
    id INTEGER PRIMARY KEY AUTOINCREMENT,
    user_id INTEGER REFERENCES auth_user (id) ON DELETE CASCADE,
    group_id INTEGER REFERENCES auth_group (id) ON DELETE CASCADE
);
success!
timestamp: 2013-11-03T14:23:37.741938
CREATE TABLE auth_permission(
    id INTEGER PRIMARY KEY AUTOINCREMENT,
    group_id INTEGER REFERENCES auth_group (id) ON DELETE CASCADE,
    name CHAR(512),
    table_name CHAR(512),
    record_id INTEGER
);
success!
timestamp: 2013-11-03T14:23:37.744830
CREATE TABLE auth_event(
    id INTEGER PRIMARY KEY AUTOINCREMENT,
    time_stamp TIMESTAMP,
    client_ip CHAR(512),
    user_id INTEGER REFERENCES auth_user (id) ON DELETE CASCADE,
    origin CHAR(512),
    description TEXT
);
success!
timestamp: 2013-11-03T14:23:37.747009
CREATE TABLE auth_cas(
    id INTEGER PRIMARY KEY AUTOINCREMENT,
    user_id INTEGER REFERENCES auth_user (id) ON DELETE CASCADE,
    created_on TIMESTAMP,
    service CHAR(512),
    ticket CHAR(512),
    renew CHAR(1)
);
success!
timestamp: 2013-11-03T14:23:58.251839
CREATE TABLE auth_user(
    id INTEGER PRIMARY KEY AUTOINCREMENT,
    first_name CHAR(128),
    last_name CHAR(128),
    email CHAR(512),
    password CHAR(512),
    registration_key CHAR(512),
    reset_password_key CHAR(512),
    registration_id CHAR(512)
);
timestamp: 2013-11-03T14:24:19.937756
ALTER TABLE auth_user ADD username CHAR(128);
success!
timestamp: 2013-11-03T14:24:19.947259
CREATE TABLE project(
    id INTEGER PRIMARY KEY AUTOINCREMENT,
    filename CHAR(512) UNIQUE,
    file CHAR(512) UNIQUE,
    thumbnail CHAR(512)
);
success!
timestamp: 2013-11-03T14:24:19.950235
CREATE TABLE post(
    id INTEGER PRIMARY KEY AUTOINCREMENT,
    title CHAR(512) UNIQUE,
    source INTEGER REFERENCES project (id) ON DELETE CASCADE,
    description TEXT,
    category CHAR(512),
    tag TEXT,
    date TIMESTAMP,
    counter INTEGER
);
success!
